C51 COMPILER V9.01   MAIN                                                                  02/23/2017 16:52:32 PAGE 1   


C51 COMPILER V9.01, COMPILATION OF MODULE MAIN
OBJECT MODULE PLACED IN .\hex\main.obj
COMPILER INVOKED BY: D:\Keil_C51\C51\BIN\C51.EXE main.c BROWSE INCDIR(.\motor;.\trace) DEBUG OBJECTEXTEND OBJECT(.\hex\m
                    -ain.obj)

line level    source

   1          #include <reg52.h>
   2          #include "motor.h"
   3          #include "trace.h"
   4          
   5          void delayms(uint xms)
   6          {
   7   1       uint i,j;
   8   1       for(i=xms;i>0;i--)
   9   1              for(j=11;j>0;j--);
  10   1      }
  11          
  12          void main(void)         
  13          {
  14   1              initMotor();
  15   1              delayms(2);
  16   1              while(1)
  17   1              {
  18   2               trace();
  19   2              }
  20   1      }
  21          
  22          void Tim1(void) interrupt 3
  23          {
  24   1              EA=0;
  25   1              motorInterrupt();
  26   1              EA=1;
  27   1      }


MODULE INFORMATION:   STATIC OVERLAYABLE
   CODE SIZE        =    108    ----
   CONSTANT SIZE    =   ----    ----
   XDATA SIZE       =   ----    ----
   PDATA SIZE       =   ----    ----
   DATA SIZE        =   ----    ----
   IDATA SIZE       =   ----    ----
   BIT SIZE         =   ----    ----
END OF MODULE INFORMATION.


C51 COMPILATION COMPLETE.  0 WARNING(S),  0 ERROR(S)
