C51 COMPILER V9.01   TRACE                                                                 02/23/2017 16:52:32 PAGE 1   


C51 COMPILER V9.01, COMPILATION OF MODULE TRACE
OBJECT MODULE PLACED IN .\hex\trace.obj
COMPILER INVOKED BY: D:\Keil_C51\C51\BIN\C51.EXE trace\trace.c BROWSE INCDIR(.\motor;.\trace) DEBUG OBJECTEXTEND PRINT(.
                    -\trace.lst) OBJECT(.\hex\trace.obj)

line level    source

   1           #include "trace.h"
   2          sbit qtiR=P0^3;
   3          sbit qtiMR=P0^4;
   4          sbit qtiML=P0^5;
   5          sbit qtiL=P0^6;
   6          //uchar qtiVal=0X00;
   7          
   8          uchar readQTI(void)
   9          {
  10   1        static volatile uchar atiVal=0X00;
  11   1        atiVal|=qtiL;
  12   1        atiVal<<=1;
  13   1        atiVal|=qtiML;
  14   1        atiVal<<=1;
  15   1        atiVal|=qtiMR;
  16   1        atiVal<<=1;
  17   1        atiVal|=qtiR;
  18   1        atiVal&=0X0F;
  19   1        return atiVal;
  20   1      }
  21          
  22          void trace(void)
  23          {
  24   1              if(qtiR==0&&qtiL==0)
  25   1              {
  26   2                      if(qtiMR==qtiML)
  27   2                      {
  28   3                              motorAction(FORWARD,3);//直行
  29   3                      }
  30   2                      else if(qtiML==0&&qtiMR==1)
  31   2                      {
  32   3                              motorAction(RIGHT,3);//右
  33   3                      }
  34   2                      else
  35   2                      {
  36   3                              motorAction(LEFT,3);//左
  37   3                      }
  38   2              }
  39   1              else
  40   1              {
  41   2                      if(qtiR==0&qtiL==1)
  42   2                      {
  43   3                              motorAction(CCW,3);//逆时针
  44   3                      }
  45   2                      else if(qtiR==1&&qtiL==0)
  46   2                      {
  47   3                               motorAction(CW,3);//顺时针
  48   3                      }
  49   2                      else
  50   2                      {
  51   3                               motorAction(FORWARD,3);//直行
  52   3                      }
  53   2              }
  54   1      }
C51 COMPILER V9.01   TRACE                                                                 02/23/2017 16:52:32 PAGE 2   

  55          
  56          /*弃用
  57          void trace(void)
  58          {
  59                  uchar qti;
  60                  qti=readQTI();
  61                  switch(qti)
  62                  {
  63                          case  6:motorAction(FORWARD,3);break;//0110
  64          
  65                          case  1://0001
  66                          case 14:
  67                          case  4:motorAction(LEFT,3);break;//0100
  68          
  69                          case 12:motorAction(CCW,0);break;//1100
  70          
  71                          case  8://1000
  72                          case  7://0111
  73                          case  2:motorAction(RIGHT,3);break;//0010
  74          
  75                          case  3:motorAction(CW,0);break;//0011
  76                          default:motorAction(FORWARD,3);break;break;//others
  77                  }
  78                          
  79          }
  80          */


MODULE INFORMATION:   STATIC OVERLAYABLE
   CODE SIZE        =    130    ----
   CONSTANT SIZE    =   ----    ----
   XDATA SIZE       =   ----    ----
   PDATA SIZE       =   ----    ----
   DATA SIZE        =      1    ----
   IDATA SIZE       =   ----    ----
   BIT SIZE         =   ----    ----
END OF MODULE INFORMATION.


C51 COMPILATION COMPLETE.  0 WARNING(S),  0 ERROR(S)
